<html>
<head>
<meta http-equiv="Content-Style-Type" context="text/css">
<title>mysql:12994</title>
<link rel=stylesheet type="text/css" href="../../../css/w3ml.css">
</head>
<body>
<p class="button"><a href="12993.html">[前]</a><a href="12995.html">[次]</a><a href="../list/12901-13000.html">[番号順一覧]</a><a href="../thread/12901-13000.html">[スレッド一覧]</a></p>
<p class="id">
mysql:12994
</p>
<div class="header">
<p>
From: &lt;kawaguchi@xxxxxxxxxx&gt;<br>
Date: Wed, 17 May 2006 18:49:39 +0900<br>
Subject: [mysql 12994] Re: FC4へのインストール：makeでのみエラー<br>

</p>
</div>
<div class="body">
<pre>
川口です。お世話になります。

  <a href="12986.html">[mysql 12986]</a> Re: mySQLのインストールで失敗(configure)
で返答されている通り、config.log を調べてみました。

warningとerrorで調べてみましたが、どうもわかりません。

gcc versionでコンパイル時にパスが取得できていないとか、
ライブラリが足りないなど、そういった問題になりますでしょうか？

どうぞお助けください。よろしくお願いします。


以下、config.logからwarningとerror行とを抜粋した内容です。
 ---- ---- ---- ---- ---- ---- ---- ---- ---- ----
  config.php(136): conftest.c:2: error: syntax error before 'me'
  config.php(194): conftest.cc:19: error: 'exit' was not declared in this scope
  config.php(239): conftest.c:18:28: error: ac_nonexistent.h: No such file or directory
  config.php(264): conftest.c:18:28: error: ac_nonexistent.h: No such file or directory
  config.php(318): conftest.c:35: warning: incompatible implicit declaration of built-in function 'exit'
  config.php(423): conftest.cc:29:28: error: ac_nonexistent.h: No such file or directory
  config.php(459): conftest.cc:29:28: error: ac_nonexistent.h: No such file or directory
  config.php(584): cc1: warning: command line option &quot;-fno-rtti&quot; is valid for C++/ObjC++ but not for C
  config.php(659): conftest.c:34: warning: incompatible implicit declaration of built-in function 'sprintf'
  config.php(660): conftest.c:34: warning: incompatible implicit declaration of built-in function 'strlen'
  config.php(816): conftest.c:71:27: error: floatingpoint.h: No such file or directory
  config.php(893): conftest.c:37:27: error: floatingpoint.h: No such file or directory
  config.php(938): conftest.c:71:20: error: ieeefp.h: No such file or directory
 config.php(1015): conftest.c:37:20: error: ieeefp.h: No such file or directory
 config.php(1092): conftest.c:74:20: error: select.h: No such file or directory
 config.php(1172): conftest.c:40:20: error: select.h: No such file or directory
 config.php(1241): conftest.c:78:19: error: synch.h: No such file or directory
 config.php(1325): conftest.c:44:19: error: synch.h: No such file or directory
 config.php(1469): conftest.c:85:25: error: sys/vadvise.h: No such file or directory
 config.php(1560): conftest.c:51:25: error: sys/vadvise.h: No such file or directory
 config.php(1621): conftest.c:86:18: error: term.h: No such file or directory
 config.php(1713): conftest.c:52:18: error: term.h: No such file or directory
 config.php(1790): conftest.c:88:23: error: sys/utime.h: No such file or directory
 config.php(1884): conftest.c:54:23: error: sys/utime.h: No such file or directory
 config.php(2051): conftest.c:95:24: error: sys/malloc.h: No such file or directory
 config.php(2152): conftest.c:61:24: error: sys/malloc.h: No such file or directory
 config.php(2236): conftest.c:69: warning: conflicting types for built-in function 'floor'
 config.php(2313): | /* Override any gcc2 internal prototype to avoid an error.  */
 config.php(2452): | /* Override any gcc2 internal prototype to avoid an error.  */
 config.php(2550): | /* Override any gcc2 internal prototype to avoid an error.  */
 config.php(2682): | /* Override any gcc2 internal prototype to avoid an error.  */
 config.php(2782): | /* Override any gcc2 internal prototype to avoid an error.  */
 config.php(2800): conftest.c:77: warning: pointer targets in passing argument 3 of 'compress' differ in signedness
 config.php(2808): /usr/include/asm/atomic.h:40:2: warning: #warning Using kernel header in userland program. BAD!
 config.php(2810): conftest.cc:74: error: 'atomic_add' was not declared in this scope
 config.php(2893): /usr/include/asm/atomic.h:40:2: warning: #warning Using kernel header in userland program. BAD!
 config.php(2895): conftest.cc:74: error: 'atomic_sub' was not declared in this scope
 config.php(2982): conftest.c:82: error: 'int8' undeclared (first use in this function)
 config.php(2983): conftest.c:82: error: (Each undeclared identifier is reported only once
 config.php(2984): conftest.c:82: error: for each function it appears in.)
 config.php(2985): conftest.c:82: error: syntax error before 'i'
 config.php(3109): conftest.c:102: warning: incompatible implicit declaration of built-in function 'exit'
 config.php(3110): conftest.c:111: warning: incompatible implicit declaration of built-in function 'exit'
 config.php(3262): conftest.c:88: error: 'not' undeclared (first use in this function)
 config.php(3263): conftest.c:88: error: (Each undeclared identifier is reported only once
 config.php(3264): conftest.c:88: error: for each function it appears in.)
 config.php(3265): conftest.c:88: error: syntax error before 'big'
 config.php(3363): configure:28893: g++ -c -O3 -DDBUG_OFF -fno-implicit-templates -fno-exceptions -fno-rtti -Werror  conftest.cc &gt;&amp;5
 config.php(3491): conftest.c:95: error: 'struct timespec' has no member named 'ts_sec'
 config.php(3492): conftest.c:96: error: 'struct timespec' has no member named 'ts_nsec'
 config.php(3608): conftest.c:92: warning: incompatible implicit declaration of built-in function 'exit'
 config.php(3616): conftest.c:91: error: 'uchar' undeclared (first use in this function)
 config.php(3617): conftest.c:91: error: (Each undeclared identifier is reported only once
 config.php(3618): conftest.c:91: error: for each function it appears in.)
 config.php(3619): conftest.c:91: error: syntax error before 'foo'
 config.php(3620): conftest.c:92: error: 'foo' undeclared (first use in this function)
 config.php(3621): conftest.c:93: warning: incompatible implicit declaration of built-in function 'exit'
 config.php(3723): conftest.c:93: warning: incompatible implicit declaration of built-in function 'exit'
 config.php(3730): conftest.c:90:20: error: ieeefp.h: No such file or directory
 config.php(3732): conftest.c:93: error: 'fp_except' undeclared (first use in this function)
 config.php(3733): conftest.c:93: error: (Each undeclared identifier is reported only once
 config.php(3734): conftest.c:93: error: for each function it appears in.)
 config.php(3735): conftest.c:93: error: syntax error before 'foo'
 config.php(3736): conftest.c:94: error: 'foo' undeclared (first use in this function)
 config.php(3737): conftest.c:95: warning: incompatible implicit declaration of built-in function 'exit'
 config.php(3841): conftest.c:97: warning: incompatible implicit declaration of built-in function 'exit'
 config.php(3858): conftest.c:100: warning: incompatible implicit declaration of built-in function 'exit'
 config.php(3875): conftest.c:101: error: too many arguments to function 'pthread_yield'
 config.php(3987): /usr/lib/gcc/i386-redhat-linux/4.0.2/include/varargs.h:4:2: error: #error &quot;GCC no longer implements &lt;varargs.h&gt;.&quot;
 config.php(3988): /usr/lib/gcc/i386-redhat-linux/4.0.2/include/varargs.h:5:2: error: #error &quot;Revise your code to use &lt;stdarg.h&gt;.&quot;
 config.php(4120): /usr/lib/gcc/i386-redhat-linux/4.0.2/include/varargs.h:4:2: error: #error &quot;GCC no longer implements &lt;varargs.h&gt;.&quot;
 config.php(4121): /usr/lib/gcc/i386-redhat-linux/4.0.2/include/varargs.h:5:2: error: #error &quot;Revise your code to use &lt;stdarg.h&gt;.&quot;
 config.php(4265): conftest.c:128:18: error: ndir.h: No such file or directory
 config.php(4399): conftest.c:94:18: error: ndir.h: No such file or directory
 config.php(4531): conftest.c:130:22: error: sys/ndir.h: No such file or directory
 config.php(4667): conftest.c:96:22: error: sys/ndir.h: No such file or directory
 config.php(4771): conftest.c:130:22: error: sys/ptem.h: No such file or directory
 config.php(4907): conftest.c:96:22: error: sys/ptem.h: No such file or directory
 config.php(5011): conftest.c:130:21: error: sys/pte.h: No such file or directory
 config.php(5147): conftest.c:96:21: error: sys/pte.h: No such file or directory
 config.php(5266): conftest.c:131:24: error: sys/stream.h: No such file or directory
 config.php(5403): conftest.c:97:24: error: sys/stream.h: No such file or directory
 config.php(5510): conftest.c:132:20: error: curses.h: No such file or directory
 config.php(5648): conftest.c:98:20: error: curses.h: No such file or directory
 config.php(5754): conftest.c:132:21: error: termcap.h: No such file or directory
 config.php(5892): conftest.c:98:21: error: termcap.h: No such file or directory
 config.php(6000): conftest.c:133:22: error: termbits.h: No such file or directory
 config.php(6139): conftest.c:99:22: error: termbits.h: No such file or directory
 config.php(6417): conftest.c:119: error: 'TIOCSTAT' undeclared (first use in this function)
 config.php(6418): conftest.c:119: error: (Each undeclared identifier is reported only once
 config.php(6419): conftest.c:119: error: for each function it appears in.)
 config.php(6612): conftest.c:148: warning: conflicting types for built-in function 'vprintf'
 config.php(6769): | /* Override any gcc2 internal prototype to avoid an error.  */
 config.php(6956): | /* Override any gcc2 internal prototype to avoid an error.  */
 config.php(7134): | /* Override any gcc2 internal prototype to avoid an error.  */
 config.php(7173): conftest.c:151: warning: conflicting types for built-in function 'rint'
 config.php(7183): conftest.c:152: warning: conflicting types for built-in function 'finite'
 config.php(7193): conftest.c:153: warning: conflicting types for built-in function 'isnan'
 config.php(7355): | /* Override any gcc2 internal prototype to avoid an error.  */
 config.php(7537): | /* Override any gcc2 internal prototype to avoid an error.  */
 config.php(7739): | /* Override any gcc2 internal prototype to avoid an error.  */
 config.php(7815): conftest.c: warning: the `getwd' function is dangerous and should not be used.
 config.php(7825): conftest.c:162: warning: conflicting types for built-in function 'index'
 config.php(7835): conftest.c:163: warning: conflicting types for built-in function 'stpcpy'
 config.php(8007): | /* Override any gcc2 internal prototype to avoid an error.  */
 config.php(8044): configure:32400: checking for perror
 config.php(8172): conftest.c:179: warning: conflicting types for built-in function 'snprintf'
 config.php(8183): conftest.c: warning: the use of `tempnam' is dangerous, better use `mkstemp'
 config.php(8338): | #define HAVE_PERROR 1
 config.php(8372): | /* Override any gcc2 internal prototype to avoid an error.  */
 config.php(8567): | #define HAVE_PERROR 1
 config.php(8604): | /* Override any gcc2 internal prototype to avoid an error.  */
 config.php(8634): conftest.c:184: warning: conflicting types for built-in function 'bzero'
 config.php(8644): conftest.c:185: warning: conflicting types for built-in function 'bcmp'
 config.php(8654): conftest.c:186: warning: conflicting types for built-in function 'strstr'
 config.php(8664): conftest.c:187: warning: conflicting types for built-in function 'strpbrk'
 config.php(8672): configure:32400: checking for strerror
 config.php(8828): | #define HAVE_PERROR 1
 config.php(8851): | #define HAVE_STRERROR 1
 config.php(8870): | /* Override any gcc2 internal prototype to avoid an error.  */
 config.php(9045): | #define HAVE_PERROR 1
 config.php(9068): | #define HAVE_STRERROR 1
 config.php(9087): | /* Override any gcc2 internal prototype to avoid an error.  */
 config.php(9117): conftest.c:189: warning: conflicting types for built-in function 'memcpy'
 config.php(9127): conftest.c:190: warning: conflicting types for built-in function 'memmove'
 config.php(9282): | #define HAVE_PERROR 1
 config.php(9305): | #define HAVE_STRERROR 1
 config.php(9326): | /* Override any gcc2 internal prototype to avoid an error.  */
 config.php(9519): | #define HAVE_PERROR 1
 config.php(9542): | #define HAVE_STRERROR 1
 config.php(9565): | /* Override any gcc2 internal prototype to avoid an error.  */
 config.php(9767): | #define HAVE_PERROR 1
 config.php(9790): | #define HAVE_STRERROR 1
 config.php(9816): | /* Override any gcc2 internal prototype to avoid an error.  */
config.php(10000): | #define HAVE_PERROR 1
config.php(10023): | #define HAVE_STRERROR 1
config.php(10050): | /* Override any gcc2 internal prototype to avoid an error.  */
config.php(10225): | #define HAVE_PERROR 1
config.php(10248): | #define HAVE_STRERROR 1
config.php(10275): | /* Override any gcc2 internal prototype to avoid an error.  */
config.php(10459): | #define HAVE_PERROR 1
config.php(10482): | #define HAVE_STRERROR 1
config.php(10510): | /* Override any gcc2 internal prototype to avoid an error.  */
config.php(10694): | #define HAVE_PERROR 1
config.php(10717): | #define HAVE_STRERROR 1
config.php(10746): | /* Override any gcc2 internal prototype to avoid an error.  */
config.php(10921): | #define HAVE_PERROR 1
config.php(10944): | #define HAVE_STRERROR 1
config.php(10973): | /* Override any gcc2 internal prototype to avoid an error.  */
config.php(11175): | #define HAVE_PERROR 1
config.php(11198): | #define HAVE_STRERROR 1
config.php(11230): | /* Override any gcc2 internal prototype to avoid an error.  */
config.php(11405): | #define HAVE_PERROR 1
config.php(11428): | #define HAVE_STRERROR 1
config.php(11460): | /* Override any gcc2 internal prototype to avoid an error.  */
config.php(11680): | #define HAVE_PERROR 1
config.php(11703): | #define HAVE_STRERROR 1
config.php(11740): | /* Override any gcc2 internal prototype to avoid an error.  */
config.php(11804): configure:32619: checking for dlerror
config.php(11814): configure:32772: g++ -c -O3 -DDBUG_OFF    -fno-implicit-templates -fno-exceptions -fno-rtti -Werror  conftest.cc &gt;&amp;5
config.php(11816): conftest.cc:203: error: cannot convert 'int*' to 'hostent**' for argument '7' to 'int gethostbyaddr_r(const void*, __socklen_t, int, hostent*, char*, size_t, hostent**, int*)'
config.php(11958): | #define HAVE_PERROR 1
config.php(11981): | #define HAVE_STRERROR 1
config.php(12004): | #define HAVE_DLERROR 1
config.php(12027): configure:32868: g++ -c -O3 -DDBUG_OFF    -fno-implicit-templates -fno-exceptions -fno-rtti -Werror  conftest.cc &gt;&amp;5
config.php(12036): configure:32961: g++ -c -O3 -DDBUG_OFF    -fno-implicit-templates -fno-exceptions -fno-rtti -Werror  conftest.cc &gt;&amp;5
config.php(12038): conftest.cc:204: error: cannot convert 'hostent_data*' to 'char*' for argument '3' to 'int gethostbyname_r(const char*, hostent*, char*, size_t, hostent**, int*)'
config.php(12180): | #define HAVE_PERROR 1
config.php(12203): | #define HAVE_STRERROR 1
config.php(12226): | #define HAVE_DLERROR 1
config.php(12297): conftest.c:201: warning: incompatible implicit declaration of built-in function 'printf'
config.php(12448): ac_cv_func_dlerror=yes
config.php(12487): ac_cv_func_perror=yes
config.php(12523): ac_cv_func_strerror=yes
config.php(12751): AVAILABLE_LANGUAGES_ERRORS=' czech/errmsg.sys danish/errmsg.sys dutch/errmsg.sys english/errmsg.sys estonian/errmsg.sys french/errmsg.sys german/errmsg.sys greek/errmsg.sys hungarian/errmsg.sys italian/errmsg.sys japanese/errmsg.sys korean/errmsg.sys norwegian/errmsg.sys norwegian-ny/errmsg.sys polish/errmsg.sys portuguese/errmsg.sys romanian/errmsg.sys russian/errmsg.sys slovak/errmsg.sys spanish/errmsg.sys swedish/errmsg.sys ukrainian/errmsg.sys'
config.php(12922): man1_files='isamchk.1 isamlog.1 msql2mysql.1 myisam_ftdump.1 myisamchk.1 myisamlog.1 myisampack.1 mysql.1 mysql.server.1 mysql_config.1 mysql_fix_privilege_tables.1 mysql_zap.1 mysqlaccess.1 mysqladmin.1 mysqlbinlog.1 mysqlcheck.1 mysqld.1 mysqld_multi.1 mysqld_safe.1 mysqldump.1 mysqlhotcopy.1 mysqlimport.1 mysqlman.1 mysqlshow.1 pack_isam.1 perror.1 replace.1 safe_mysqld.1'
config.php(12960): AVAILABLE_LANGUAGES_ERRORS_RULES='./ac_available_languages_fragment'
config.php(12985): #define HAVE_DLERROR 1
config.php(13040): #define HAVE_PERROR 1
config.php(13081): #define HAVE_STRERROR 1


</pre>
</div>
<p class="button"><a href="12993.html">[前]</a><a href="12995.html">[次]</a><a href="../list/12901-13000.html">[番号順一覧]</a><a href="../thread/12901-13000.html">[スレッド一覧]</a></p>
<pre class="list">
<span>&nbsp;&nbsp;&nbsp;<a href="12985.html">  12985 2006-05-16 02:49 [&lt;kawaguchi@xxxxxxxxx] FC4へのインストール：makeでのみエラー   </a></span>
<span class="current">-&gt;&nbsp;<a href="12994.html">  12994 2006-05-17 18:49 ┗[&lt;kawaguchi@xxxxxxxxx]                                       </a></span>
<span>&nbsp;&nbsp;&nbsp;<a href="13011.html">  13011 2006-05-19 23:26 　┗[&lt;kawaguchi@xxxxxxxxx]                                     </a></span>
</pre>
</body>
</html>
